{"numFailedTestSuites":0,"numFailedTests":0,"numPassedTestSuites":7,"numPassedTests":34,"numPendingTestSuites":0,"numPendingTests":0,"numRuntimeErrorTestSuites":0,"numTodoTests":0,"numTotalTestSuites":7,"numTotalTests":34,"openHandles":[],"snapshot":{"added":0,"didUpdate":false,"failure":false,"filesAdded":0,"filesRemoved":0,"filesRemovedList":[],"filesUnmatched":0,"filesUpdated":0,"matched":0,"total":0,"unchecked":0,"uncheckedKeysByFile":[],"unmatched":0,"updated":0},"startTime":1727039467964,"success":true,"testResults":[{"assertionResults":[{"ancestorTitles":["RM"],"duration":6,"failureDetails":[],"failureMessages":[],"fullName":"RM should return a score < 0.5 for repo with majority of issues open and unresolved","invocations":1,"location":null,"numPassingAsserts":1,"retryReasons":[],"status":"passed","title":"should return a score < 0.5 for repo with majority of issues open and unresolved"},{"ancestorTitles":["RM"],"duration":1,"failureDetails":[],"failureMessages":[],"fullName":"RM should handle repositories with no issues or pull requests","invocations":1,"location":null,"numPassingAsserts":2,"retryReasons":[],"status":"passed","title":"should handle repositories with no issues or pull requests"},{"ancestorTitles":["RM"],"duration":1,"failureDetails":[],"failureMessages":[],"fullName":"RM should return a score >= 0.5 for repo with quickly addressed issues","invocations":1,"location":null,"numPassingAsserts":1,"retryReasons":[],"status":"passed","title":"should return a score >= 0.5 for repo with quickly addressed issues"},{"ancestorTitles":["RM"],"duration":1,"failureDetails":[],"failureMessages":[],"fullName":"RM should handle missing repository data error gracefully","invocations":1,"location":null,"numPassingAsserts":1,"retryReasons":[],"status":"passed","title":"should handle missing repository data error gracefully"}],"endTime":1727039471432,"message":"","name":"/home/shay/a/chen3900/Documents/ECE461/Leo-461-Course-Project/cli/tests/ResponsiveMetric_test.ts","startTime":1727039468992,"status":"passed","summary":""},{"assertionResults":[{"ancestorTitles":["RampUp"],"duration":5,"failureDetails":[],"failureMessages":[],"fullName":"RampUp should return a higher score for good documentation and README link","invocations":1,"location":null,"numPassingAsserts":1,"retryReasons":[],"status":"passed","title":"should return a higher score for good documentation and README link"},{"ancestorTitles":["RampUp"],"duration":0,"failureDetails":[],"failureMessages":[],"fullName":"RampUp should handle missing README gracefully","invocations":1,"location":null,"numPassingAsserts":1,"retryReasons":[],"status":"passed","title":"should handle missing README gracefully"},{"ancestorTitles":["RampUp"],"duration":1,"failureDetails":[],"failureMessages":[],"fullName":"RampUp should return a lower score for incomplete README documentation","invocations":1,"location":null,"numPassingAsserts":1,"retryReasons":[],"status":"passed","title":"should return a lower score for incomplete README documentation"}],"endTime":1727039471467,"message":"","name":"/home/shay/a/chen3900/Documents/ECE461/Leo-461-Course-Project/cli/tests/rampupMetric_test.ts","startTime":1727039468992,"status":"passed","summary":""},{"assertionResults":[{"ancestorTitles":["BusFactor"],"duration":6,"failureDetails":[],"failureMessages":[],"fullName":"BusFactor should return a higher score for repositories with many contributors","invocations":1,"location":null,"numPassingAsserts":1,"retryReasons":[],"status":"passed","title":"should return a higher score for repositories with many contributors"},{"ancestorTitles":["BusFactor"],"duration":0,"failureDetails":[],"failureMessages":[],"fullName":"BusFactor should return a lower score for repositories with few contributors","invocations":1,"location":null,"numPassingAsserts":1,"retryReasons":[],"status":"passed","title":"should return a lower score for repositories with few contributors"},{"ancestorTitles":["BusFactor"],"duration":1,"failureDetails":[],"failureMessages":[],"fullName":"BusFactor should handle repositories with only one contributor","invocations":1,"location":null,"numPassingAsserts":1,"retryReasons":[],"status":"passed","title":"should handle repositories with only one contributor"},{"ancestorTitles":["BusFactor"],"duration":0,"failureDetails":[],"failureMessages":[],"fullName":"BusFactor should handle repositories with no contributors","invocations":1,"location":null,"numPassingAsserts":1,"retryReasons":[],"status":"passed","title":"should handle repositories with no contributors"},{"ancestorTitles":["BusFactor"],"duration":6,"failureDetails":[],"failureMessages":[],"fullName":"BusFactor should handle API errors gracefully","invocations":1,"location":null,"numPassingAsserts":1,"retryReasons":[],"status":"passed","title":"should handle API errors gracefully"}],"endTime":1727039471555,"message":"","name":"/home/shay/a/chen3900/Documents/ECE461/Leo-461-Course-Project/cli/tests/busFactorMetric_test.ts","startTime":1727039468993,"status":"passed","summary":""},{"assertionResults":[{"ancestorTitles":["License"],"duration":5,"failureDetails":[],"failureMessages":[],"fullName":"License should return 1 when a compatible license is found in the LICENSE file","invocations":1,"location":null,"numPassingAsserts":1,"retryReasons":[],"status":"passed","title":"should return 1 when a compatible license is found in the LICENSE file"},{"ancestorTitles":["License"],"duration":1,"failureDetails":[],"failureMessages":[],"fullName":"License should return 0 when no compatible license is found in the LICENSE file","invocations":1,"location":null,"numPassingAsserts":1,"retryReasons":[],"status":"passed","title":"should return 0 when no compatible license is found in the LICENSE file"},{"ancestorTitles":["License"],"duration":0,"failureDetails":[],"failureMessages":[],"fullName":"License should return 1 when a compatible license is found in the README file","invocations":1,"location":null,"numPassingAsserts":1,"retryReasons":[],"status":"passed","title":"should return 1 when a compatible license is found in the README file"},{"ancestorTitles":["License"],"duration":1,"failureDetails":[],"failureMessages":[],"fullName":"License should return 0 when neither LICENSE nor README contains a compatible license","invocations":1,"location":null,"numPassingAsserts":1,"retryReasons":[],"status":"passed","title":"should return 0 when neither LICENSE nor README contains a compatible license"},{"ancestorTitles":["License"],"duration":1,"failureDetails":[],"failureMessages":[],"fullName":"License should clone the repository and initialize git","invocations":1,"location":null,"numPassingAsserts":2,"retryReasons":[],"status":"passed","title":"should clone the repository and initialize git"},{"ancestorTitles":["License"],"duration":1,"failureDetails":[],"failureMessages":[],"fullName":"License should clean up the repository after checking compatibility","invocations":1,"location":null,"numPassingAsserts":1,"retryReasons":[],"status":"passed","title":"should clean up the repository after checking compatibility"},{"ancestorTitles":["License"],"duration":0,"failureDetails":[],"failureMessages":[],"fullName":"License should return 0 when neither LICENSE nor README is found","invocations":1,"location":null,"numPassingAsserts":1,"retryReasons":[],"status":"passed","title":"should return 0 when neither LICENSE nor README is found"}],"endTime":1727039471613,"message":"","name":"/home/shay/a/chen3900/Documents/ECE461/Leo-461-Course-Project/cli/tests/licenseMetric_test.ts","startTime":1727039468992,"status":"passed","summary":""},{"assertionResults":[{"ancestorTitles":["Correctness"],"duration":5,"failureDetails":[],"failureMessages":[],"fullName":"Correctness should calculate correctness based on API history","invocations":1,"location":null,"numPassingAsserts":1,"retryReasons":[],"status":"passed","title":"should calculate correctness based on API history"},{"ancestorTitles":["Correctness"],"duration":1,"failureDetails":[],"failureMessages":[],"fullName":"Correctness should return a Correctness score based on README contents","invocations":1,"location":null,"numPassingAsserts":1,"retryReasons":[],"status":"passed","title":"should return a Correctness score based on README contents"},{"ancestorTitles":["Correctness"],"duration":0,"failureDetails":[],"failureMessages":[],"fullName":"Correctness should return 0 when no package.json or README.md is found","invocations":1,"location":null,"numPassingAsserts":1,"retryReasons":[],"status":"passed","title":"should return 0 when no package.json or README.md is found"},{"ancestorTitles":["Correctness"],"duration":1,"failureDetails":[],"failureMessages":[],"fullName":"Correctness should clone the repository and initialize git","invocations":1,"location":null,"numPassingAsserts":1,"retryReasons":[],"status":"passed","title":"should clone the repository and initialize git"},{"ancestorTitles":["Correctness"],"duration":1,"failureDetails":[],"failureMessages":[],"fullName":"Correctness should clean up the repository after checking correctness","invocations":1,"location":null,"numPassingAsserts":1,"retryReasons":[],"status":"passed","title":"should clean up the repository after checking correctness"}],"endTime":1727039471622,"message":"","name":"/home/shay/a/chen3900/Documents/ECE461/Leo-461-Course-Project/cli/tests/correctnessMetric_test.ts","startTime":1727039468992,"status":"passed","summary":""},{"assertionResults":[{"ancestorTitles":["SystemLogger"],"duration":6,"failureDetails":[],"failureMessages":[],"fullName":"SystemLogger initialize creates log directory if it does not exist","invocations":1,"location":null,"numPassingAsserts":1,"retryReasons":[],"status":"passed","title":"initialize creates log directory if it does not exist"},{"ancestorTitles":["SystemLogger"],"duration":106,"failureDetails":[],"failureMessages":[],"fullName":"SystemLogger logs info message when log level is INFO","invocations":1,"location":null,"numPassingAsserts":1,"retryReasons":[],"status":"passed","title":"logs info message when log level is INFO"},{"ancestorTitles":["SystemLogger"],"duration":103,"failureDetails":[],"failureMessages":[],"fullName":"SystemLogger logs debug message when log level is DEBUG","invocations":1,"location":null,"numPassingAsserts":1,"retryReasons":[],"status":"passed","title":"logs debug message when log level is DEBUG"},{"ancestorTitles":["SystemLogger"],"duration":106,"failureDetails":[],"failureMessages":[],"fullName":"SystemLogger logs error message at all non-OFF log levels","invocations":1,"location":null,"numPassingAsserts":1,"retryReasons":[],"status":"passed","title":"logs error message at all non-OFF log levels"},{"ancestorTitles":["SystemLogger"],"duration":102,"failureDetails":[],"failureMessages":[],"fullName":"SystemLogger does not log when log level is OFF","invocations":1,"location":null,"numPassingAsserts":1,"retryReasons":[],"status":"passed","title":"does not log when log level is OFF"},{"ancestorTitles":["SystemLogger"],"duration":0,"failureDetails":[],"failureMessages":[],"fullName":"SystemLogger handles missing LOG_FILE environment variable","invocations":1,"location":null,"numPassingAsserts":1,"retryReasons":[],"status":"passed","title":"handles missing LOG_FILE environment variable"},{"ancestorTitles":["SystemLogger"],"duration":2,"failureDetails":[],"failureMessages":[],"fullName":"SystemLogger handles invalid LOG_LEVEL environment variable","invocations":1,"location":null,"numPassingAsserts":1,"retryReasons":[],"status":"passed","title":"handles invalid LOG_LEVEL environment variable"},{"ancestorTitles":["SystemLogger"],"duration":1,"failureDetails":[],"failureMessages":[],"fullName":"SystemLogger logger initializes with default OFF log level when LOG_LEVEL is not set","invocations":1,"location":null,"numPassingAsserts":1,"retryReasons":[],"status":"passed","title":"logger initializes with default OFF log level when LOG_LEVEL is not set"}],"endTime":1727039471850,"message":"","name":"/home/shay/a/chen3900/Documents/ECE461/Leo-461-Course-Project/cli/tests/logger_test.ts","startTime":1727039468992,"status":"passed","summary":""},{"assertionResults":[{"ancestorTitles":["End-to-End Test for NetScore Calculation via CLI"],"duration":7,"failureDetails":[],"failureMessages":[],"fullName":"End-to-End Test for NetScore Calculation via CLI should correctly calculate NetScore and log results when running the CLI","invocations":1,"location":null,"numPassingAsserts":2,"retryReasons":[],"status":"passed","title":"should correctly calculate NetScore and log results when running the CLI"},{"ancestorTitles":["End-to-End Test for NetScore Calculation via CLI"],"duration":0,"failureDetails":[],"failureMessages":[],"fullName":"End-to-End Test for NetScore Calculation via CLI should handle an invalid input scenario gracefully","invocations":1,"location":null,"numPassingAsserts":3,"retryReasons":[],"status":"passed","title":"should handle an invalid input scenario gracefully"}],"endTime":1727039472041,"message":"","name":"/home/shay/a/chen3900/Documents/ECE461/Leo-461-Course-Project/cli/tests/netscoreMetric_test.ts","startTime":1727039468992,"status":"passed","summary":""}],"wasInterrupted":false,"coverageMap":{"/home/shay/a/chen3900/Documents/ECE461/Leo-461-Course-Project/cli/lib/api/Api.ts":{"path":"/home/shay/a/chen3900/Documents/ECE461/Leo-461-Course-Project/cli/lib/api/Api.ts","statementMap":{"0":{"start":{"line":2,"column":0},"end":{"line":2,"column":45}},"1":{"start":{"line":3,"column":0},"end":{"line":3,"column":33}},"2":{"start":{"line":4,"column":0},"end":{"line":4,"column":51}},"3":{"start":{"line":7,"column":0},"end":{"line":7,"column":16}},"4":{"start":{"line":8,"column":0},"end":{"line":8,"column":26}},"5":{"start":{"line":29,"column":8},"end":{"line":29,"column":29}},"6":{"start":{"line":33,"column":8},"end":{"line":41,"column":9}},"7":{"start":{"line":34,"column":12},"end":{"line":34,"column":67}},"8":{"start":{"line":35,"column":44},"end":{"line":35,"column":74}},"9":{"start":{"line":36,"column":12},"end":{"line":36,"column":56}},"10":{"start":{"line":37,"column":12},"end":{"line":37,"column":33}},"11":{"start":{"line":39,"column":12},"end":{"line":39,"column":60}},"12":{"start":{"line":40,"column":12},"end":{"line":40,"column":24}},"13":{"start":{"line":62,"column":8},"end":{"line":62,"column":49}},"14":{"start":{"line":63,"column":8},"end":{"line":63,"column":46}},"15":{"start":{"line":67,"column":8},"end":{"line":77,"column":9}},"16":{"start":{"line":68,"column":44},"end":{"line":72,"column":14}},"17":{"start":{"line":73,"column":12},"end":{"line":73,"column":33}},"18":{"start":{"line":75,"column":12},"end":{"line":75,"column":76}},"19":{"start":{"line":76,"column":12},"end":{"line":76,"column":24}},"20":{"start":{"line":114,"column":9},"end":{"line":114,"column":18}},"21":{"start":{"line":95,"column":8},"end":{"line":95,"column":53}},"22":{"start":{"line":99,"column":8},"end":{"line":99,"column":64}},"23":{"start":{"line":100,"column":40},"end":{"line":100,"column":82}},"24":{"start":{"line":101,"column":8},"end":{"line":101,"column":57}},"25":{"start":{"line":102,"column":30},"end":{"line":102,"column":58}},"26":{"start":{"line":103,"column":8},"end":{"line":105,"column":9}},"27":{"start":{"line":104,"column":12},"end":{"line":104,"column":74}},"28":{"start":{"line":107,"column":8},"end":{"line":107,"column":70}},"29":{"start":{"line":109,"column":8},"end":{"line":109,"column":23}},"30":{"start":{"line":114,"column":20},"end":{"line":114,"column":26}}},"fnMap":{"0":{"name":"(anonymous_7)","decl":{"start":{"line":28,"column":4},"end":{"line":28,"column":16}},"loc":{"start":{"line":28,"column":29},"end":{"line":30,"column":5}}},"1":{"name":"(anonymous_8)","decl":{"start":{"line":32,"column":10},"end":{"line":32,"column":13}},"loc":{"start":{"line":32,"column":30},"end":{"line":42,"column":null}}},"2":{"name":"(anonymous_10)","decl":{"start":{"line":61,"column":4},"end":{"line":61,"column":null}},"loc":{"start":{"line":61,"column":4},"end":{"line":64,"column":5}}},"3":{"name":"(anonymous_11)","decl":{"start":{"line":66,"column":10},"end":{"line":66,"column":13}},"loc":{"start":{"line":66,"column":30},"end":{"line":78,"column":null}}},"4":{"name":"(anonymous_13)","decl":{"start":{"line":94,"column":4},"end":{"line":94,"column":null}},"loc":{"start":{"line":94,"column":4},"end":{"line":96,"column":5}}},"5":{"name":"(anonymous_14)","decl":{"start":{"line":98,"column":10},"end":{"line":98,"column":17}},"loc":{"start":{"line":98,"column":34},"end":{"line":110,"column":null}}}},"branchMap":{"0":{"loc":{"start":{"line":103,"column":8},"end":{"line":105,"column":9}},"type":"if","locations":[{"start":{"line":103,"column":8},"end":{"line":105,"column":9}}]}},"s":{"0":4,"1":4,"2":4,"3":4,"4":4,"5":0,"6":0,"7":0,"8":0,"9":0,"10":0,"11":0,"12":0,"13":0,"14":0,"15":0,"16":0,"17":0,"18":0,"19":0,"20":4,"21":0,"22":0,"23":0,"24":0,"25":0,"26":0,"27":0,"28":0,"29":0,"30":4},"f":{"0":0,"1":0,"2":0,"3":0,"4":0,"5":0},"b":{"0":[0]}},"/home/shay/a/chen3900/Documents/ECE461/Leo-461-Course-Project/cli/lib/utilities/logger.ts":{"path":"/home/shay/a/chen3900/Documents/ECE461/Leo-461-Course-Project/cli/lib/utilities/logger.ts","statementMap":{"0":{"start":{"line":2,"column":0},"end":{"line":2,"column":25}},"1":{"start":{"line":3,"column":0},"end":{"line":3,"column":29}},"2":{"start":{"line":5,"column":0},"end":{"line":5,"column":null}},"3":{"start":{"line":6,"column":2},"end":{"line":6,"column":null}},"4":{"start":{"line":7,"column":2},"end":{"line":7,"column":null}},"5":{"start":{"line":8,"column":2},"end":{"line":8,"column":null}},"6":{"start":{"line":24,"column":4},"end":{"line":24,"column":40}},"7":{"start":{"line":25,"column":4},"end":{"line":25,"column":62}},"8":{"start":{"line":27,"column":4},"end":{"line":33,"column":5}},"9":{"start":{"line":29,"column":18},"end":{"line":29,"column":44}},"10":{"start":{"line":30,"column":6},"end":{"line":32,"column":7}},"11":{"start":{"line":31,"column":8},"end":{"line":31,"column":47}},"12":{"start":{"line":41,"column":24},"end":{"line":41,"column":46}},"13":{"start":{"line":42,"column":4},"end":{"line":42,"column":71}},"14":{"start":{"line":51,"column":4},"end":{"line":53,"column":5}},"15":{"start":{"line":52,"column":6},"end":{"line":52,"column":32}},"16":{"start":{"line":62,"column":4},"end":{"line":64,"column":5}},"17":{"start":{"line":63,"column":6},"end":{"line":63,"column":33}},"18":{"start":{"line":73,"column":4},"end":{"line":75,"column":5}},"19":{"start":{"line":74,"column":6},"end":{"line":74,"column":33}},"20":{"start":{"line":84,"column":22},"end":{"line":84,"column":46}},"21":{"start":{"line":85,"column":23},"end":{"line":85,"column":62}},"22":{"start":{"line":87,"column":4},"end":{"line":91,"column":5}},"23":{"start":{"line":88,"column":6},"end":{"line":90,"column":9}},"24":{"start":{"line":89,"column":8},"end":{"line":89,"column":70}},"25":{"start":{"line":89,"column":17},"end":{"line":89,"column":70}},"26":{"start":{"line":15,"column":0},"end":{"line":15,"column":13}},"27":{"start":{"line":17,"column":17},"end":{"line":17,"column":51}}},"fnMap":{"0":{"name":"(anonymous_0)","decl":{"start":{"line":5,"column":0},"end":{"line":5,"column":5}},"loc":{"start":{"line":5,"column":13},"end":{"line":9,"column":1}}},"1":{"name":"(anonymous_1)","decl":{"start":{"line":23,"column":9},"end":{"line":23,"column":15}},"loc":{"start":{"line":23,"column":26},"end":{"line":34,"column":3}}},"2":{"name":"(anonymous_2)","decl":{"start":{"line":40,"column":10},"end":{"line":40,"column":16}},"loc":{"start":{"line":40,"column":56},"end":{"line":43,"column":3}}},"3":{"name":"(anonymous_3)","decl":{"start":{"line":50,"column":9},"end":{"line":50,"column":15}},"loc":{"start":{"line":50,"column":36},"end":{"line":54,"column":3}}},"4":{"name":"(anonymous_4)","decl":{"start":{"line":61,"column":9},"end":{"line":61,"column":15}},"loc":{"start":{"line":61,"column":37},"end":{"line":65,"column":3}}},"5":{"name":"(anonymous_5)","decl":{"start":{"line":72,"column":9},"end":{"line":72,"column":15}},"loc":{"start":{"line":72,"column":37},"end":{"line":76,"column":3}}},"6":{"name":"(anonymous_6)","decl":{"start":{"line":83,"column":10},"end":{"line":83,"column":16}},"loc":{"start":{"line":83,"column":51},"end":{"line":92,"column":3}}},"7":{"name":"(anonymous_7)","decl":{"start":{"line":88,"column":46},"end":{"line":88,"column":47}},"loc":{"start":{"line":88,"column":54},"end":{"line":90,"column":7}}}},"branchMap":{"0":{"loc":{"start":{"line":5,"column":5},"end":{"line":5,"column":null}},"type":"binary-expr","locations":[{"start":{"line":5,"column":5},"end":{"line":5,"column":13}},{"start":{"line":5,"column":5},"end":{"line":5,"column":null}}]},"1":{"loc":{"start":{"line":27,"column":4},"end":{"line":33,"column":5}},"type":"if","locations":[{"start":{"line":27,"column":4},"end":{"line":33,"column":5}}]},"2":{"loc":{"start":{"line":30,"column":6},"end":{"line":32,"column":7}},"type":"if","locations":[{"start":{"line":30,"column":6},"end":{"line":32,"column":7}}]},"3":{"loc":{"start":{"line":41,"column":33},"end":{"line":41,"column":45}},"type":"binary-expr","locations":[{"start":{"line":41,"column":33},"end":{"line":41,"column":38}},{"start":{"line":41,"column":42},"end":{"line":41,"column":45}}]},"4":{"loc":{"start":{"line":42,"column":11},"end":{"line":42,"column":70}},"type":"cond-expr","locations":[{"start":{"line":42,"column":32},"end":{"line":42,"column":44}},{"start":{"line":42,"column":47},"end":{"line":42,"column":70}}]},"5":{"loc":{"start":{"line":51,"column":4},"end":{"line":53,"column":5}},"type":"if","locations":[{"start":{"line":51,"column":4},"end":{"line":53,"column":5}}]},"6":{"loc":{"start":{"line":62,"column":4},"end":{"line":64,"column":5}},"type":"if","locations":[{"start":{"line":62,"column":4},"end":{"line":64,"column":5}}]},"7":{"loc":{"start":{"line":73,"column":4},"end":{"line":75,"column":5}},"type":"if","locations":[{"start":{"line":73,"column":4},"end":{"line":75,"column":5}}]},"8":{"loc":{"start":{"line":87,"column":4},"end":{"line":91,"column":5}},"type":"if","locations":[{"start":{"line":87,"column":4},"end":{"line":91,"column":5}}]},"9":{"loc":{"start":{"line":89,"column":8},"end":{"line":89,"column":70}},"type":"if","locations":[{"start":{"line":89,"column":8},"end":{"line":89,"column":70}}]}},"s":{"0":11,"1":11,"2":11,"3":11,"4":11,"5":11,"6":23,"7":23,"8":23,"9":14,"10":14,"11":6,"12":23,"13":23,"14":61,"15":30,"16":4,"17":1,"18":7,"19":5,"20":36,"21":36,"22":36,"23":35,"24":3,"25":0,"26":11,"27":11},"f":{"0":11,"1":23,"2":23,"3":61,"4":4,"5":7,"6":36,"7":3},"b":{"0":[11,11],"1":[14],"2":[6],"3":[23,9],"4":[1,22],"5":[30],"6":[1],"7":[5],"8":[35],"9":[0]}},"/home/shay/a/chen3900/Documents/ECE461/Leo-461-Course-Project/cli/lib/models/RM.ts":{"path":"/home/shay/a/chen3900/Documents/ECE461/Leo-461-Course-Project/cli/lib/models/RM.ts","statementMap":{"0":{"start":{"line":2,"column":0},"end":{"line":2,"column":34}},"1":{"start":{"line":3,"column":0},"end":{"line":3,"column":39}},"2":{"start":{"line":4,"column":0},"end":{"line":4,"column":51}},"3":{"start":{"line":5,"column":0},"end":{"line":5,"column":33}},"4":{"start":{"line":8,"column":0},"end":{"line":8,"column":16}},"5":{"start":{"line":9,"column":0},"end":{"line":9,"column":26}},"6":{"start":{"line":28,"column":8},"end":{"line":28,"column":61}},"7":{"start":{"line":29,"column":8},"end":{"line":29,"column":19}},"8":{"start":{"line":30,"column":8},"end":{"line":42,"column":9}},"9":{"start":{"line":31,"column":12},"end":{"line":31,"column":45}},"10":{"start":{"line":32,"column":12},"end":{"line":35,"column":13}},"11":{"start":{"line":33,"column":16},"end":{"line":33,"column":48}},"12":{"start":{"line":34,"column":16},"end":{"line":34,"column":45}},"13":{"start":{"line":37,"column":12},"end":{"line":37,"column":27}},"14":{"start":{"line":38,"column":12},"end":{"line":38,"column":59}},"15":{"start":{"line":40,"column":12},"end":{"line":40,"column":56}},"16":{"start":{"line":41,"column":12},"end":{"line":41,"column":24}},"17":{"start":{"line":46,"column":22},"end":{"line":46,"column":41}},"18":{"start":{"line":47,"column":8},"end":{"line":47,"column":36}},"19":{"start":{"line":51,"column":8},"end":{"line":51,"column":49}},"20":{"start":{"line":52,"column":8},"end":{"line":52,"column":68}},"21":{"start":{"line":59,"column":8},"end":{"line":81,"column":9}},"22":{"start":{"line":60,"column":29},"end":{"line":60,"column":63}},"23":{"start":{"line":61,"column":29},"end":{"line":61,"column":86}},"24":{"start":{"line":64,"column":48},"end":{"line":64,"column":75}},"25":{"start":{"line":66,"column":35},"end":{"line":66,"column":73}},"26":{"start":{"line":69,"column":34},"end":{"line":69,"column":77}},"27":{"start":{"line":70,"column":31},"end":{"line":70,"column":75}},"28":{"start":{"line":71,"column":38},"end":{"line":71,"column":80}},"29":{"start":{"line":74,"column":28},"end":{"line":74,"column":92}},"30":{"start":{"line":76,"column":12},"end":{"line":76,"column":53}},"31":{"start":{"line":77,"column":12},"end":{"line":77,"column":26}},"32":{"start":{"line":79,"column":12},"end":{"line":79,"column":61}},"33":{"start":{"line":80,"column":12},"end":{"line":80,"column":21}},"34":{"start":{"line":89,"column":8},"end":{"line":105,"column":9}},"35":{"start":{"line":91,"column":35},"end":{"line":91,"column":100}},"36":{"start":{"line":92,"column":31},"end":{"line":92,"column":86}},"37":{"start":{"line":95,"column":32},"end":{"line":95,"column":96}},"38":{"start":{"line":96,"column":28},"end":{"line":96,"column":80}},"39":{"start":{"line":99,"column":32},"end":{"line":99,"column":76}},"40":{"start":{"line":99,"column":53},"end":{"line":99,"column":75}},"41":{"start":{"line":101,"column":12},"end":{"line":101,"column":47}},"42":{"start":{"line":103,"column":12},"end":{"line":103,"column":67}},"43":{"start":{"line":104,"column":12},"end":{"line":104,"column":55}},"44":{"start":{"line":114,"column":8},"end":{"line":116,"column":9}},"45":{"start":{"line":115,"column":12},"end":{"line":115,"column":21}},"46":{"start":{"line":118,"column":22},"end":{"line":118,"column":42}},"47":{"start":{"line":119,"column":29},"end":{"line":119,"column":30}},"48":{"start":{"line":121,"column":8},"end":{"line":125,"column":11}},"49":{"start":{"line":122,"column":32},"end":{"line":122,"column":67}},"50":{"start":{"line":123,"column":30},"end":{"line":123,"column":75}},"51":{"start":{"line":124,"column":12},"end":{"line":124,"column":40}},"52":{"start":{"line":127,"column":33},"end":{"line":127,"column":62}},"53":{"start":{"line":130,"column":8},"end":{"line":130,"column":55}},"54":{"start":{"line":139,"column":8},"end":{"line":145,"column":9}},"55":{"start":{"line":140,"column":28},"end":{"line":140,"column":115}},"56":{"start":{"line":141,"column":12},"end":{"line":141,"column":62}},"57":{"start":{"line":143,"column":12},"end":{"line":143,"column":66}},"58":{"start":{"line":144,"column":12},"end":{"line":144,"column":24}},"59":{"start":{"line":154,"column":22},"end":{"line":154,"column":32}},"60":{"start":{"line":155,"column":36},"end":{"line":155,"column":104}},"61":{"start":{"line":158,"column":8},"end":{"line":158,"column":58}},"62":{"start":{"line":23,"column":0},"end":{"line":23,"column":13}}},"fnMap":{"0":{"name":"(anonymous_7)","decl":{"start":{"line":27,"column":4},"end":{"line":27,"column":16}},"loc":{"start":{"line":27,"column":27},"end":{"line":43,"column":5}}},"1":{"name":"(anonymous_8)","decl":{"start":{"line":45,"column":12},"end":{"line":45,"column":26}},"loc":{"start":{"line":45,"column":26},"end":{"line":48,"column":5}}},"2":{"name":"(anonymous_9)","decl":{"start":{"line":50,"column":17},"end":{"line":50,"column":21}},"loc":{"start":{"line":50,"column":21},"end":{"line":53,"column":null}}},"3":{"name":"(anonymous_11)","decl":{"start":{"line":58,"column":10},"end":{"line":58,"column":24}},"loc":{"start":{"line":58,"column":24},"end":{"line":82,"column":null}}},"4":{"name":"(anonymous_13)","decl":{"start":{"line":88,"column":18},"end":{"line":88,"column":32}},"loc":{"start":{"line":88,"column":32},"end":{"line":106,"column":null}}},"5":{"name":"(anonymous_15)","decl":{"start":{"line":99,"column":47},"end":{"line":99,"column":49}},"loc":{"start":{"line":99,"column":53},"end":{"line":99,"column":75}}},"6":{"name":"(anonymous_16)","decl":{"start":{"line":113,"column":12},"end":{"line":113,"column":38}},"loc":{"start":{"line":113,"column":57},"end":{"line":131,"column":5}}},"7":{"name":"(anonymous_17)","decl":{"start":{"line":121,"column":22},"end":{"line":121,"column":26}},"loc":{"start":{"line":121,"column":29},"end":{"line":125,"column":9}}},"8":{"name":"(anonymous_18)","decl":{"start":{"line":138,"column":18},"end":{"line":138,"column":35}},"loc":{"start":{"line":138,"column":49},"end":{"line":146,"column":null}}},"9":{"name":"(anonymous_20)","decl":{"start":{"line":153,"column":12},"end":{"line":153,"column":33}},"loc":{"start":{"line":153,"column":54},"end":{"line":159,"column":5}}}},"branchMap":{"0":{"loc":{"start":{"line":32,"column":12},"end":{"line":35,"column":13}},"type":"if","locations":[{"start":{"line":32,"column":12},"end":{"line":35,"column":13}}]},"1":{"loc":{"start":{"line":114,"column":8},"end":{"line":116,"column":9}},"type":"if","locations":[{"start":{"line":114,"column":8},"end":{"line":116,"column":9}}]}},"s":{"0":1,"1":1,"2":1,"3":1,"4":1,"5":1,"6":4,"7":4,"8":4,"9":4,"10":4,"11":0,"12":0,"13":4,"14":4,"15":0,"16":0,"17":4,"18":4,"19":4,"20":4,"21":4,"22":4,"23":4,"24":4,"25":4,"26":3,"27":3,"28":3,"29":3,"30":3,"31":3,"32":1,"33":1,"34":4,"35":4,"36":4,"37":4,"38":4,"39":4,"40":2,"41":3,"42":1,"43":1,"44":6,"45":2,"46":4,"47":4,"48":4,"49":6,"50":6,"51":6,"52":4,"53":4,"54":4,"55":4,"56":3,"57":1,"58":1,"59":3,"60":3,"61":3,"62":1},"f":{"0":4,"1":4,"2":4,"3":4,"4":4,"5":2,"6":6,"7":6,"8":4,"9":3},"b":{"0":[0],"1":[2]}},"/home/shay/a/chen3900/Documents/ECE461/Leo-461-Course-Project/cli/lib/models/Metric.ts":{"path":"/home/shay/a/chen3900/Documents/ECE461/Leo-461-Course-Project/cli/lib/models/Metric.ts","statementMap":{"0":{"start":{"line":2,"column":0},"end":{"line":2,"column":51}},"1":{"start":{"line":3,"column":0},"end":{"line":3,"column":33}},"2":{"start":{"line":6,"column":0},"end":{"line":6,"column":16}},"3":{"start":{"line":7,"column":0},"end":{"line":7,"column":26}},"4":{"start":{"line":14,"column":8},"end":{"line":14,"column":23}},"5":{"start":{"line":15,"column":8},"end":{"line":15,"column":23}},"6":{"start":{"line":19,"column":8},"end":{"line":19,"column":26}},"7":{"start":{"line":23,"column":8},"end":{"line":23,"column":30}},"8":{"start":{"line":9,"column":0},"end":{"line":9,"column":13}}},"fnMap":{"0":{"name":"(anonymous_0)","decl":{"start":{"line":13,"column":4},"end":{"line":13,"column":16}},"loc":{"start":{"line":13,"column":27},"end":{"line":16,"column":5}}},"1":{"name":"(anonymous_1)","decl":{"start":{"line":18,"column":4},"end":{"line":18,"column":12}},"loc":{"start":{"line":18,"column":12},"end":{"line":20,"column":5}}},"2":{"name":"(anonymous_2)","decl":{"start":{"line":22,"column":4},"end":{"line":22,"column":15}},"loc":{"start":{"line":22,"column":32},"end":{"line":24,"column":5}}}},"branchMap":{},"s":{"0":5,"1":5,"2":5,"3":5,"4":24,"5":24,"6":4,"7":0,"8":5},"f":{"0":24,"1":4,"2":0},"b":{}},"/home/shay/a/chen3900/Documents/ECE461/Leo-461-Course-Project/cli/lib/models/RampUp.ts":{"path":"/home/shay/a/chen3900/Documents/ECE461/Leo-461-Course-Project/cli/lib/models/RampUp.ts","statementMap":{"0":{"start":{"line":1,"column":0},"end":{"line":1,"column":34}},"1":{"start":{"line":2,"column":0},"end":{"line":2,"column":39}},"2":{"start":{"line":3,"column":0},"end":{"line":3,"column":51}},"3":{"start":{"line":5,"column":0},"end":{"line":5,"column":12}},"4":{"start":{"line":6,"column":0},"end":{"line":6,"column":26}},"5":{"start":{"line":20,"column":6},"end":{"line":20,"column":17}},"6":{"start":{"line":21,"column":6},"end":{"line":21,"column":39}},"7":{"start":{"line":22,"column":6},"end":{"line":22,"column":54}},"8":{"start":{"line":23,"column":6},"end":{"line":23,"column":21}},"9":{"start":{"line":27,"column":20},"end":{"line":27,"column":39}},"10":{"start":{"line":28,"column":6},"end":{"line":28,"column":34}},"11":{"start":{"line":32,"column":6},"end":{"line":38,"column":7}},"12":{"start":{"line":33,"column":32},"end":{"line":33,"column":63}},"13":{"start":{"line":34,"column":39},"end":{"line":34,"column":81}},"14":{"start":{"line":35,"column":10},"end":{"line":35,"column":86}},"15":{"start":{"line":37,"column":10},"end":{"line":37,"column":22}},"16":{"start":{"line":42,"column":31},"end":{"line":42,"column":42}},"17":{"start":{"line":43,"column":25},"end":{"line":43,"column":87}},"18":{"start":{"line":45,"column":8},"end":{"line":55,"column":9}},"19":{"start":{"line":46,"column":29},"end":{"line":46,"column":104}},"20":{"start":{"line":49,"column":34},"end":{"line":49,"column":91}},"21":{"start":{"line":50,"column":12},"end":{"line":50,"column":33}},"22":{"start":{"line":53,"column":12},"end":{"line":53,"column":63}},"23":{"start":{"line":54,"column":12},"end":{"line":54,"column":24}},"24":{"start":{"line":59,"column":8},"end":{"line":59,"column":41}},"25":{"start":{"line":59,"column":28},"end":{"line":59,"column":41}},"26":{"start":{"line":62,"column":8},"end":{"line":62,"column":114}},"27":{"start":{"line":63,"column":8},"end":{"line":63,"column":55}},"28":{"start":{"line":67,"column":20},"end":{"line":67,"column":21}},"29":{"start":{"line":69,"column":8},"end":{"line":79,"column":9}},"30":{"start":{"line":70,"column":30},"end":{"line":70,"column":62}},"31":{"start":{"line":71,"column":12},"end":{"line":71,"column":25}},"32":{"start":{"line":74,"column":12},"end":{"line":76,"column":13}},"33":{"start":{"line":75,"column":16},"end":{"line":75,"column":29}},"34":{"start":{"line":78,"column":12},"end":{"line":78,"column":51}},"35":{"start":{"line":78,"column":38},"end":{"line":78,"column":51}},"36":{"start":{"line":81,"column":8},"end":{"line":81,"column":34}},"37":{"start":{"line":13,"column":0},"end":{"line":13,"column":13}}},"fnMap":{"0":{"name":"(anonymous_7)","decl":{"start":{"line":19,"column":4},"end":{"line":19,"column":16}},"loc":{"start":{"line":19,"column":27},"end":{"line":24,"column":5}}},"1":{"name":"(anonymous_8)","decl":{"start":{"line":26,"column":12},"end":{"line":26,"column":26}},"loc":{"start":{"line":26,"column":26},"end":{"line":29,"column":5}}},"2":{"name":"(anonymous_9)","decl":{"start":{"line":31,"column":17},"end":{"line":31,"column":21}},"loc":{"start":{"line":31,"column":21},"end":{"line":39,"column":null}}},"3":{"name":"(anonymous_11)","decl":{"start":{"line":41,"column":18},"end":{"line":41,"column":36}},"loc":{"start":{"line":41,"column":36},"end":{"line":56,"column":null}}},"4":{"name":"(anonymous_13)","decl":{"start":{"line":58,"column":12},"end":{"line":58,"column":34}},"loc":{"start":{"line":58,"column":63},"end":{"line":64,"column":5}}},"5":{"name":"(anonymous_14)","decl":{"start":{"line":66,"column":12},"end":{"line":66,"column":32}},"loc":{"start":{"line":66,"column":92},"end":{"line":82,"column":5}}}},"branchMap":{"0":{"loc":{"start":{"line":59,"column":8},"end":{"line":59,"column":41}},"type":"if","locations":[{"start":{"line":59,"column":8},"end":{"line":59,"column":41}}]},"1":{"loc":{"start":{"line":69,"column":8},"end":{"line":79,"column":9}},"type":"if","locations":[{"start":{"line":69,"column":8},"end":{"line":79,"column":9}}]},"2":{"loc":{"start":{"line":74,"column":12},"end":{"line":76,"column":13}},"type":"if","locations":[{"start":{"line":74,"column":12},"end":{"line":76,"column":13}}]},"3":{"loc":{"start":{"line":78,"column":12},"end":{"line":78,"column":51}},"type":"if","locations":[{"start":{"line":78,"column":12},"end":{"line":78,"column":51}}]}},"s":{"0":1,"1":1,"2":1,"3":1,"4":1,"5":3,"6":3,"7":3,"8":3,"9":3,"10":3,"11":3,"12":3,"13":3,"14":3,"15":0,"16":3,"17":3,"18":3,"19":3,"20":2,"21":2,"22":1,"23":1,"24":3,"25":1,"26":2,"27":2,"28":3,"29":3,"30":2,"31":2,"32":2,"33":2,"34":2,"35":1,"36":3,"37":1},"f":{"0":3,"1":3,"2":3,"3":3,"4":3,"5":3},"b":{"0":[1],"1":[2],"2":[2],"3":[1]}},"/home/shay/a/chen3900/Documents/ECE461/Leo-461-Course-Project/cli/lib/models/BusFactor.ts":{"path":"/home/shay/a/chen3900/Documents/ECE461/Leo-461-Course-Project/cli/lib/models/BusFactor.ts","statementMap":{"0":{"start":{"line":1,"column":0},"end":{"line":1,"column":34}},"1":{"start":{"line":2,"column":0},"end":{"line":2,"column":39}},"2":{"start":{"line":3,"column":0},"end":{"line":3,"column":51}},"3":{"start":{"line":16,"column":6},"end":{"line":16,"column":17}},"4":{"start":{"line":17,"column":6},"end":{"line":17,"column":39}},"5":{"start":{"line":18,"column":6},"end":{"line":18,"column":54}},"6":{"start":{"line":22,"column":20},"end":{"line":22,"column":39}},"7":{"start":{"line":23,"column":6},"end":{"line":23,"column":34}},"8":{"start":{"line":27,"column":6},"end":{"line":35,"column":7}},"9":{"start":{"line":28,"column":31},"end":{"line":28,"column":61}},"10":{"start":{"line":29,"column":10},"end":{"line":29,"column":68}},"11":{"start":{"line":30,"column":10},"end":{"line":30,"column":61}},"12":{"start":{"line":31,"column":10},"end":{"line":31,"column":78}},"13":{"start":{"line":33,"column":10},"end":{"line":33,"column":72}},"14":{"start":{"line":34,"column":10},"end":{"line":34,"column":22}},"15":{"start":{"line":40,"column":25},"end":{"line":40,"column":85}},"16":{"start":{"line":41,"column":25},"end":{"line":41,"column":72}},"17":{"start":{"line":42,"column":29},"end":{"line":45,"column":28}},"18":{"start":{"line":42,"column":65},"end":{"line":45,"column":10}},"19":{"start":{"line":46,"column":8},"end":{"line":46,"column":28}},"20":{"start":{"line":51,"column":6},"end":{"line":53,"column":7}},"21":{"start":{"line":52,"column":8},"end":{"line":52,"column":17}},"22":{"start":{"line":56,"column":6},"end":{"line":56,"column":69}},"23":{"start":{"line":56,"column":34},"end":{"line":56,"column":67}},"24":{"start":{"line":58,"column":31},"end":{"line":58,"column":32}},"25":{"start":{"line":59,"column":33},"end":{"line":59,"column":34}},"26":{"start":{"line":60,"column":35},"end":{"line":60,"column":36}},"27":{"start":{"line":61,"column":22},"end":{"line":61,"column":23}},"28":{"start":{"line":64,"column":6},"end":{"line":74,"column":7}},"29":{"start":{"line":64,"column":19},"end":{"line":64,"column":20}},"30":{"start":{"line":65,"column":21},"end":{"line":65,"column":36}},"31":{"start":{"line":66,"column":21},"end":{"line":66,"column":40}},"32":{"start":{"line":68,"column":8},"end":{"line":68,"column":49}},"33":{"start":{"line":69,"column":8},"end":{"line":69,"column":31}},"34":{"start":{"line":71,"column":8},"end":{"line":73,"column":9}},"35":{"start":{"line":72,"column":10},"end":{"line":72,"column":16}},"36":{"start":{"line":76,"column":6},"end":{"line":76,"column":56}},"37":{"start":{"line":79,"column":36},"end":{"line":79,"column":37}},"38":{"start":{"line":80,"column":6},"end":{"line":86,"column":7}},"39":{"start":{"line":81,"column":8},"end":{"line":81,"column":61}},"40":{"start":{"line":82,"column":8},"end":{"line":82,"column":20}},"41":{"start":{"line":83,"column":8},"end":{"line":85,"column":9}},"42":{"start":{"line":84,"column":10},"end":{"line":84,"column":16}},"43":{"start":{"line":88,"column":6},"end":{"line":88,"column":74}},"44":{"start":{"line":89,"column":6},"end":{"line":89,"column":70}},"45":{"start":{"line":90,"column":6},"end":{"line":90,"column":51}},"46":{"start":{"line":92,"column":6},"end":{"line":92,"column":52}},"47":{"start":{"line":10,"column":0},"end":{"line":10,"column":13}}},"fnMap":{"0":{"name":"(anonymous_7)","decl":{"start":{"line":15,"column":4},"end":{"line":15,"column":16}},"loc":{"start":{"line":15,"column":27},"end":{"line":19,"column":5}}},"1":{"name":"(anonymous_8)","decl":{"start":{"line":21,"column":12},"end":{"line":21,"column":26}},"loc":{"start":{"line":21,"column":26},"end":{"line":24,"column":5}}},"2":{"name":"(anonymous_9)","decl":{"start":{"line":26,"column":10},"end":{"line":26,"column":14}},"loc":{"start":{"line":26,"column":14},"end":{"line":36,"column":null}}},"3":{"name":"(anonymous_11)","decl":{"start":{"line":39,"column":18},"end":{"line":39,"column":35}},"loc":{"start":{"line":39,"column":35},"end":{"line":47,"column":null}}},"4":{"name":"(anonymous_13)","decl":{"start":{"line":42,"column":42},"end":{"line":42,"column":43}},"loc":{"start":{"line":42,"column":65},"end":{"line":45,"column":10}}},"5":{"name":"(anonymous_14)","decl":{"start":{"line":50,"column":12},"end":{"line":50,"column":30}},"loc":{"start":{"line":50,"column":58},"end":{"line":93,"column":5}}},"6":{"name":"(anonymous_15)","decl":{"start":{"line":56,"column":24},"end":{"line":56,"column":25}},"loc":{"start":{"line":56,"column":34},"end":{"line":56,"column":67}}}},"branchMap":{"0":{"loc":{"start":{"line":51,"column":6},"end":{"line":53,"column":7}},"type":"if","locations":[{"start":{"line":51,"column":6},"end":{"line":53,"column":7}}]},"1":{"loc":{"start":{"line":71,"column":8},"end":{"line":73,"column":9}},"type":"if","locations":[{"start":{"line":71,"column":8},"end":{"line":73,"column":9}}]},"2":{"loc":{"start":{"line":71,"column":12},"end":{"line":71,"column":66}},"type":"binary-expr","locations":[{"start":{"line":71,"column":12},"end":{"line":71,"column":16}},{"start":{"line":71,"column":20},"end":{"line":71,"column":66}}]},"3":{"loc":{"start":{"line":83,"column":8},"end":{"line":85,"column":9}},"type":"if","locations":[{"start":{"line":83,"column":8},"end":{"line":85,"column":9}}]}},"s":{"0":1,"1":1,"2":1,"3":5,"4":5,"5":5,"6":5,"7":5,"8":5,"9":5,"10":4,"11":4,"12":4,"13":1,"14":1,"15":5,"16":5,"17":4,"18":10,"19":4,"20":4,"21":2,"22":2,"23":7,"24":2,"25":2,"26":2,"27":2,"28":2,"29":2,"30":8,"31":8,"32":8,"33":8,"34":8,"35":1,"36":2,"37":2,"38":2,"39":4,"40":4,"41":4,"42":2,"43":2,"44":2,"45":2,"46":2,"47":1},"f":{"0":5,"1":5,"2":5,"3":5,"4":10,"5":4,"6":7},"b":{"0":[2],"1":[1],"2":[8,7],"3":[2]}},"/home/shay/a/chen3900/Documents/ECE461/Leo-461-Course-Project/cli/lib/models/License.ts":{"path":"/home/shay/a/chen3900/Documents/ECE461/Leo-461-Course-Project/cli/lib/models/License.ts","statementMap":{"0":{"start":{"line":2,"column":0},"end":{"line":2,"column":38}},"1":{"start":{"line":3,"column":0},"end":{"line":3,"column":25}},"2":{"start":{"line":4,"column":0},"end":{"line":4,"column":49}},"3":{"start":{"line":5,"column":0},"end":{"line":5,"column":34}},"4":{"start":{"line":6,"column":0},"end":{"line":6,"column":51}},"5":{"start":{"line":7,"column":0},"end":{"line":7,"column":33}},"6":{"start":{"line":10,"column":0},"end":{"line":10,"column":16}},"7":{"start":{"line":11,"column":0},"end":{"line":11,"column":26}},"8":{"start":{"line":18,"column":8},"end":{"line":18,"column":66}},"9":{"start":{"line":19,"column":8},"end":{"line":19,"column":19}},"10":{"start":{"line":20,"column":8},"end":{"line":20,"column":48}},"11":{"start":{"line":22,"column":8},"end":{"line":22,"column":53}},"12":{"start":{"line":23,"column":8},"end":{"line":23,"column":23}},"13":{"start":{"line":27,"column":8},"end":{"line":27,"column":27}},"14":{"start":{"line":28,"column":8},"end":{"line":28,"column":73}},"15":{"start":{"line":29,"column":8},"end":{"line":29,"column":73}},"16":{"start":{"line":30,"column":8},"end":{"line":30,"column":27}},"17":{"start":{"line":34,"column":8},"end":{"line":112,"column":9}},"18":{"start":{"line":36,"column":12},"end":{"line":36,"column":77}},"19":{"start":{"line":37,"column":12},"end":{"line":41,"column":15}},"20":{"start":{"line":42,"column":12},"end":{"line":54,"column":13}},"21":{"start":{"line":44,"column":16},"end":{"line":50,"column":19}},"22":{"start":{"line":52,"column":16},"end":{"line":52,"column":73}},"23":{"start":{"line":53,"column":16},"end":{"line":53,"column":28}},"24":{"start":{"line":56,"column":12},"end":{"line":56,"column":45}},"25":{"start":{"line":59,"column":33},"end":{"line":66,"column":14}},"26":{"start":{"line":69,"column":12},"end":{"line":82,"column":13}},"27":{"start":{"line":70,"column":33},"end":{"line":70,"column":59}},"28":{"start":{"line":71,"column":16},"end":{"line":81,"column":17}},"29":{"start":{"line":72,"column":40},"end":{"line":72,"column":74}},"30":{"start":{"line":75,"column":20},"end":{"line":80,"column":21}},"31":{"start":{"line":76,"column":24},"end":{"line":79,"column":25}},"32":{"start":{"line":77,"column":28},"end":{"line":77,"column":83}},"33":{"start":{"line":78,"column":28},"end":{"line":78,"column":37}},"34":{"start":{"line":85,"column":32},"end":{"line":90,"column":14}},"35":{"start":{"line":93,"column":12},"end":{"line":106,"column":13}},"36":{"start":{"line":94,"column":33},"end":{"line":94,"column":59}},"37":{"start":{"line":95,"column":16},"end":{"line":105,"column":17}},"38":{"start":{"line":96,"column":40},"end":{"line":96,"column":74}},"39":{"start":{"line":99,"column":20},"end":{"line":104,"column":21}},"40":{"start":{"line":100,"column":24},"end":{"line":103,"column":25}},"41":{"start":{"line":101,"column":28},"end":{"line":101,"column":85}},"42":{"start":{"line":102,"column":28},"end":{"line":102,"column":37}},"43":{"start":{"line":108,"column":12},"end":{"line":108,"column":21}},"44":{"start":{"line":110,"column":12},"end":{"line":110,"column":63}},"45":{"start":{"line":111,"column":12},"end":{"line":111,"column":21}},"46":{"start":{"line":118,"column":8},"end":{"line":125,"column":9}},"47":{"start":{"line":119,"column":12},"end":{"line":123,"column":13}},"48":{"start":{"line":121,"column":16},"end":{"line":121,"column":75}},"49":{"start":{"line":13,"column":0},"end":{"line":13,"column":13}}},"fnMap":{"0":{"name":"(anonymous_7)","decl":{"start":{"line":17,"column":4},"end":{"line":17,"column":16}},"loc":{"start":{"line":17,"column":93},"end":{"line":24,"column":5}}},"1":{"name":"(anonymous_8)","decl":{"start":{"line":26,"column":17},"end":{"line":26,"column":21}},"loc":{"start":{"line":26,"column":21},"end":{"line":31,"column":null}}},"2":{"name":"(anonymous_10)","decl":{"start":{"line":33,"column":18},"end":{"line":33,"column":48}},"loc":{"start":{"line":33,"column":60},"end":{"line":113,"column":null}}},"3":{"name":"(anonymous_12)","decl":{"start":{"line":117,"column":12},"end":{"line":117,"column":23}},"loc":{"start":{"line":117,"column":23},"end":{"line":126,"column":5}}}},"branchMap":{"0":{"loc":{"start":{"line":17,"column":29},"end":{"line":17,"column":93}},"type":"default-arg","locations":[{"start":{"line":17,"column":60},"end":{"line":17,"column":93}}]},"1":{"loc":{"start":{"line":71,"column":16},"end":{"line":81,"column":17}},"type":"if","locations":[{"start":{"line":71,"column":16},"end":{"line":81,"column":17}}]},"2":{"loc":{"start":{"line":76,"column":24},"end":{"line":79,"column":25}},"type":"if","locations":[{"start":{"line":76,"column":24},"end":{"line":79,"column":25}}]},"3":{"loc":{"start":{"line":95,"column":16},"end":{"line":105,"column":17}},"type":"if","locations":[{"start":{"line":95,"column":16},"end":{"line":105,"column":17}}]},"4":{"loc":{"start":{"line":100,"column":24},"end":{"line":103,"column":25}},"type":"if","locations":[{"start":{"line":100,"column":24},"end":{"line":103,"column":25}}]},"5":{"loc":{"start":{"line":118,"column":8},"end":{"line":125,"column":9}},"type":"if","locations":[{"start":{"line":118,"column":8},"end":{"line":125,"column":9}},{"start":{"line":124,"column":15},"end":{"line":125,"column":9}}]}},"s":{"0":1,"1":1,"2":1,"3":1,"4":1,"5":1,"6":1,"7":1,"8":7,"9":7,"10":7,"11":7,"12":7,"13":0,"14":0,"15":0,"16":0,"17":6,"18":6,"19":6,"20":6,"21":6,"22":0,"23":0,"24":6,"25":6,"26":6,"27":31,"28":31,"29":19,"30":19,"31":56,"32":1,"33":1,"34":5,"35":5,"36":17,"37":17,"38":13,"39":13,"40":37,"41":1,"42":1,"43":4,"44":0,"45":0,"46":1,"47":1,"48":1,"49":1},"f":{"0":7,"1":0,"2":6,"3":1},"b":{"0":[7],"1":[19],"2":[1],"3":[13],"4":[1],"5":[1,0]}},"/home/shay/a/chen3900/Documents/ECE461/Leo-461-Course-Project/cli/lib/models/Correctness.ts":{"path":"/home/shay/a/chen3900/Documents/ECE461/Leo-461-Course-Project/cli/lib/models/Correctness.ts","statementMap":{"0":{"start":{"line":1,"column":0},"end":{"line":1,"column":38}},"1":{"start":{"line":2,"column":0},"end":{"line":2,"column":25}},"2":{"start":{"line":3,"column":0},"end":{"line":3,"column":49}},"3":{"start":{"line":4,"column":0},"end":{"line":4,"column":34}},"4":{"start":{"line":5,"column":0},"end":{"line":5,"column":51}},"5":{"start":{"line":6,"column":0},"end":{"line":6,"column":39}},"6":{"start":{"line":8,"column":0},"end":{"line":8,"column":26}},"7":{"start":{"line":26,"column":8},"end":{"line":26,"column":70}},"8":{"start":{"line":27,"column":8},"end":{"line":27,"column":19}},"9":{"start":{"line":28,"column":8},"end":{"line":28,"column":41}},"10":{"start":{"line":29,"column":8},"end":{"line":29,"column":48}},"11":{"start":{"line":30,"column":8},"end":{"line":30,"column":23}},"12":{"start":{"line":31,"column":8},"end":{"line":31,"column":56}},"13":{"start":{"line":35,"column":8},"end":{"line":35,"column":37}},"14":{"start":{"line":36,"column":8},"end":{"line":36,"column":51}},"15":{"start":{"line":37,"column":8},"end":{"line":37,"column":27}},"16":{"start":{"line":41,"column":8},"end":{"line":53,"column":9}},"17":{"start":{"line":42,"column":12},"end":{"line":42,"column":69}},"18":{"start":{"line":43,"column":12},"end":{"line":49,"column":15}},"19":{"start":{"line":51,"column":12},"end":{"line":51,"column":69}},"20":{"start":{"line":52,"column":12},"end":{"line":52,"column":24}},"21":{"start":{"line":57,"column":8},"end":{"line":82,"column":9}},"22":{"start":{"line":58,"column":24},"end":{"line":58,"column":25}},"23":{"start":{"line":61,"column":34},"end":{"line":61,"column":80}},"24":{"start":{"line":62,"column":33},"end":{"line":62,"column":76}},"25":{"start":{"line":64,"column":12},"end":{"line":67,"column":13}},"26":{"start":{"line":65,"column":16},"end":{"line":65,"column":98}},"27":{"start":{"line":66,"column":16},"end":{"line":66,"column":25}},"28":{"start":{"line":70,"column":12},"end":{"line":70,"column":45}},"29":{"start":{"line":71,"column":12},"end":{"line":71,"column":35}},"30":{"start":{"line":72,"column":12},"end":{"line":72,"column":45}},"31":{"start":{"line":74,"column":12},"end":{"line":76,"column":13}},"32":{"start":{"line":75,"column":16},"end":{"line":75,"column":27}},"33":{"start":{"line":77,"column":12},"end":{"line":77,"column":25}},"34":{"start":{"line":80,"column":12},"end":{"line":80,"column":71}},"35":{"start":{"line":81,"column":12},"end":{"line":81,"column":21}},"36":{"start":{"line":86,"column":20},"end":{"line":86,"column":21}},"37":{"start":{"line":88,"column":32},"end":{"line":88,"column":63}},"38":{"start":{"line":89,"column":8},"end":{"line":113,"column":9}},"39":{"start":{"line":91,"column":32},"end":{"line":91,"column":85}},"40":{"start":{"line":93,"column":12},"end":{"line":95,"column":13}},"41":{"start":{"line":94,"column":16},"end":{"line":94,"column":null}},"42":{"start":{"line":96,"column":12},"end":{"line":98,"column":13}},"43":{"start":{"line":97,"column":16},"end":{"line":97,"column":null}},"44":{"start":{"line":99,"column":12},"end":{"line":112,"column":13}},"45":{"start":{"line":100,"column":16},"end":{"line":102,"column":17}},"46":{"start":{"line":101,"column":20},"end":{"line":101,"column":null}},"47":{"start":{"line":103,"column":16},"end":{"line":105,"column":17}},"48":{"start":{"line":104,"column":20},"end":{"line":104,"column":null}},"49":{"start":{"line":106,"column":16},"end":{"line":108,"column":17}},"50":{"start":{"line":107,"column":20},"end":{"line":107,"column":null}},"51":{"start":{"line":109,"column":16},"end":{"line":111,"column":17}},"52":{"start":{"line":110,"column":20},"end":{"line":110,"column":null}},"53":{"start":{"line":114,"column":8},"end":{"line":114,"column":21}},"54":{"start":{"line":119,"column":20},"end":{"line":119,"column":21}},"55":{"start":{"line":122,"column":25},"end":{"line":122,"column":60}},"56":{"start":{"line":123,"column":25},"end":{"line":123,"column":73}},"57":{"start":{"line":124,"column":31},"end":{"line":124,"column":63}},"58":{"start":{"line":125,"column":31},"end":{"line":125,"column":60}},"59":{"start":{"line":127,"column":8},"end":{"line":129,"column":9}},"60":{"start":{"line":128,"column":12},"end":{"line":128,"column":null}},"61":{"start":{"line":130,"column":8},"end":{"line":132,"column":9}},"62":{"start":{"line":131,"column":12},"end":{"line":131,"column":null}},"63":{"start":{"line":133,"column":8},"end":{"line":135,"column":9}},"64":{"start":{"line":134,"column":12},"end":{"line":134,"column":null}},"65":{"start":{"line":136,"column":8},"end":{"line":139,"column":9}},"66":{"start":{"line":138,"column":12},"end":{"line":138,"column":null}},"67":{"start":{"line":140,"column":8},"end":{"line":143,"column":9}},"68":{"start":{"line":142,"column":12},"end":{"line":142,"column":null}},"69":{"start":{"line":144,"column":8},"end":{"line":144,"column":21}},"70":{"start":{"line":149,"column":20},"end":{"line":149,"column":21}},"71":{"start":{"line":151,"column":27},"end":{"line":151,"column":55}},"72":{"start":{"line":152,"column":8},"end":{"line":163,"column":9}},"73":{"start":{"line":153,"column":12},"end":{"line":153,"column":null}},"74":{"start":{"line":155,"column":34},"end":{"line":155,"column":70}},"75":{"start":{"line":156,"column":38},"end":{"line":156,"column":103}},"76":{"start":{"line":159,"column":12},"end":{"line":161,"column":13}},"77":{"start":{"line":160,"column":16},"end":{"line":160,"column":29}},"78":{"start":{"line":164,"column":8},"end":{"line":164,"column":21}},"79":{"start":{"line":168,"column":22},"end":{"line":168,"column":41}},"80":{"start":{"line":169,"column":8},"end":{"line":169,"column":36}},"81":{"start":{"line":173,"column":8},"end":{"line":179,"column":9}},"82":{"start":{"line":174,"column":12},"end":{"line":178,"column":13}},"83":{"start":{"line":175,"column":16},"end":{"line":175,"column":75}},"84":{"start":{"line":177,"column":16},"end":{"line":177,"column":77}},"85":{"start":{"line":18,"column":0},"end":{"line":18,"column":13}}},"fnMap":{"0":{"name":"(anonymous_7)","decl":{"start":{"line":25,"column":4},"end":{"line":25,"column":16}},"loc":{"start":{"line":25,"column":27},"end":{"line":32,"column":5}}},"1":{"name":"(anonymous_8)","decl":{"start":{"line":34,"column":10},"end":{"line":34,"column":14}},"loc":{"start":{"line":34,"column":14},"end":{"line":38,"column":null}}},"2":{"name":"(anonymous_10)","decl":{"start":{"line":40,"column":18},"end":{"line":40,"column":33}},"loc":{"start":{"line":40,"column":33},"end":{"line":54,"column":null}}},"3":{"name":"(anonymous_12)","decl":{"start":{"line":56,"column":18},"end":{"line":56,"column":34}},"loc":{"start":{"line":56,"column":34},"end":{"line":83,"column":null}}},"4":{"name":"(anonymous_14)","decl":{"start":{"line":85,"column":12},"end":{"line":85,"column":28}},"loc":{"start":{"line":85,"column":28},"end":{"line":115,"column":5}}},"5":{"name":"(anonymous_15)","decl":{"start":{"line":117,"column":18},"end":{"line":117,"column":28}},"loc":{"start":{"line":117,"column":28},"end":{"line":145,"column":null}}},"6":{"name":"(anonymous_17)","decl":{"start":{"line":147,"column":12},"end":{"line":147,"column":18}},"loc":{"start":{"line":147,"column":18},"end":{"line":165,"column":5}}},"7":{"name":"(anonymous_18)","decl":{"start":{"line":167,"column":12},"end":{"line":167,"column":26}},"loc":{"start":{"line":167,"column":26},"end":{"line":170,"column":5}}},"8":{"name":"(anonymous_19)","decl":{"start":{"line":172,"column":12},"end":{"line":172,"column":23}},"loc":{"start":{"line":172,"column":23},"end":{"line":180,"column":5}}}},"branchMap":{"0":{"loc":{"start":{"line":64,"column":12},"end":{"line":67,"column":13}},"type":"if","locations":[{"start":{"line":64,"column":12},"end":{"line":67,"column":13}}]},"1":{"loc":{"start":{"line":64,"column":16},"end":{"line":64,"column":47}},"type":"binary-expr","locations":[{"start":{"line":64,"column":16},"end":{"line":64,"column":30}},{"start":{"line":64,"column":34},"end":{"line":64,"column":47}}]},"2":{"loc":{"start":{"line":74,"column":12},"end":{"line":76,"column":13}},"type":"if","locations":[{"start":{"line":74,"column":12},"end":{"line":76,"column":13}}]},"3":{"loc":{"start":{"line":89,"column":8},"end":{"line":113,"column":9}},"type":"if","locations":[{"start":{"line":89,"column":8},"end":{"line":113,"column":9}}]},"4":{"loc":{"start":{"line":93,"column":12},"end":{"line":95,"column":13}},"type":"if","locations":[{"start":{"line":93,"column":12},"end":{"line":95,"column":13}}]},"5":{"loc":{"start":{"line":96,"column":12},"end":{"line":98,"column":13}},"type":"if","locations":[{"start":{"line":96,"column":12},"end":{"line":98,"column":13}}]},"6":{"loc":{"start":{"line":99,"column":12},"end":{"line":112,"column":13}},"type":"if","locations":[{"start":{"line":99,"column":12},"end":{"line":112,"column":13}}]},"7":{"loc":{"start":{"line":100,"column":16},"end":{"line":102,"column":17}},"type":"if","locations":[{"start":{"line":100,"column":16},"end":{"line":102,"column":17}}]},"8":{"loc":{"start":{"line":103,"column":16},"end":{"line":105,"column":17}},"type":"if","locations":[{"start":{"line":103,"column":16},"end":{"line":105,"column":17}}]},"9":{"loc":{"start":{"line":106,"column":16},"end":{"line":108,"column":17}},"type":"if","locations":[{"start":{"line":106,"column":16},"end":{"line":108,"column":17}}]},"10":{"loc":{"start":{"line":109,"column":16},"end":{"line":111,"column":17}},"type":"if","locations":[{"start":{"line":109,"column":16},"end":{"line":111,"column":17}}]},"11":{"loc":{"start":{"line":127,"column":8},"end":{"line":129,"column":9}},"type":"if","locations":[{"start":{"line":127,"column":8},"end":{"line":129,"column":9}}]},"12":{"loc":{"start":{"line":130,"column":8},"end":{"line":132,"column":9}},"type":"if","locations":[{"start":{"line":130,"column":8},"end":{"line":132,"column":9}}]},"13":{"loc":{"start":{"line":133,"column":8},"end":{"line":135,"column":9}},"type":"if","locations":[{"start":{"line":133,"column":8},"end":{"line":135,"column":9}}]},"14":{"loc":{"start":{"line":136,"column":8},"end":{"line":139,"column":9}},"type":"if","locations":[{"start":{"line":136,"column":8},"end":{"line":139,"column":9}}]},"15":{"loc":{"start":{"line":140,"column":8},"end":{"line":143,"column":9}},"type":"if","locations":[{"start":{"line":140,"column":8},"end":{"line":143,"column":9}}]},"16":{"loc":{"start":{"line":152,"column":8},"end":{"line":163,"column":9}},"type":"if","locations":[{"start":{"line":152,"column":8},"end":{"line":163,"column":9}}]},"17":{"loc":{"start":{"line":159,"column":12},"end":{"line":161,"column":13}},"type":"if","locations":[{"start":{"line":159,"column":12},"end":{"line":161,"column":13}}]},"18":{"loc":{"start":{"line":173,"column":8},"end":{"line":179,"column":9}},"type":"if","locations":[{"start":{"line":173,"column":8},"end":{"line":179,"column":9}}]}},"s":{"0":1,"1":1,"2":1,"3":1,"4":1,"5":1,"6":1,"7":5,"8":5,"9":5,"10":5,"11":5,"12":5,"13":0,"14":0,"15":0,"16":1,"17":1,"18":1,"19":0,"20":0,"21":1,"22":1,"23":1,"24":1,"25":1,"26":1,"27":1,"28":0,"29":0,"30":0,"31":0,"32":0,"33":0,"34":0,"35":0,"36":0,"37":0,"38":0,"39":0,"40":0,"41":0,"42":0,"43":0,"44":0,"45":0,"46":0,"47":0,"48":0,"49":0,"50":0,"51":0,"52":0,"53":0,"54":1,"55":1,"56":1,"57":1,"58":1,"59":1,"60":1,"61":1,"62":1,"63":1,"64":1,"65":1,"66":1,"67":1,"68":0,"69":1,"70":1,"71":1,"72":1,"73":1,"74":1,"75":1,"76":1,"77":1,"78":1,"79":5,"80":5,"81":1,"82":1,"83":1,"84":0,"85":1},"f":{"0":5,"1":0,"2":1,"3":1,"4":0,"5":1,"6":1,"7":5,"8":1},"b":{"0":[1],"1":[1,1],"2":[0],"3":[0],"4":[0],"5":[0],"6":[0],"7":[0],"8":[0],"9":[0],"10":[0],"11":[1],"12":[1],"13":[1],"14":[1],"15":[0],"16":[1],"17":[1],"18":[1]}}}}
