{"total": {"lines":{"total":345,"covered":274,"skipped":0,"pct":79.42},"statements":{"total":353,"covered":281,"skipped":0,"pct":79.6},"functions":{"total":53,"covered":43,"skipped":0,"pct":81.13},"branches":{"total":52,"covered":38,"skipped":0,"pct":73.07},"branchesTrue":{"total":0,"covered":0,"skipped":0,"pct":100}}
,"/home/shay/a/chen3900/Documents/ECE461/Leo-461-Course-Project/cli/lib/api/Api.ts": {"lines":{"total":30,"covered":6,"skipped":0,"pct":20},"functions":{"total":6,"covered":0,"skipped":0,"pct":0},"statements":{"total":31,"covered":7,"skipped":0,"pct":22.58},"branches":{"total":1,"covered":0,"skipped":0,"pct":0}}
,"/home/shay/a/chen3900/Documents/ECE461/Leo-461-Course-Project/cli/lib/models/BusFactor.ts": {"lines":{"total":45,"covered":45,"skipped":0,"pct":100},"functions":{"total":7,"covered":7,"skipped":0,"pct":100},"statements":{"total":48,"covered":48,"skipped":0,"pct":100},"branches":{"total":5,"covered":5,"skipped":0,"pct":100}}
,"/home/shay/a/chen3900/Documents/ECE461/Leo-461-Course-Project/cli/lib/models/Correctness.ts": {"lines":{"total":86,"covered":53,"skipped":0,"pct":61.62},"functions":{"total":9,"covered":7,"skipped":0,"pct":77.77},"statements":{"total":86,"covered":53,"skipped":0,"pct":61.62},"branches":{"total":20,"covered":10,"skipped":0,"pct":50}}
,"/home/shay/a/chen3900/Documents/ECE461/Leo-461-Course-Project/cli/lib/models/License.ts": {"lines":{"total":50,"covered":42,"skipped":0,"pct":84},"functions":{"total":4,"covered":3,"skipped":0,"pct":75},"statements":{"total":50,"covered":42,"skipped":0,"pct":84},"branches":{"total":7,"covered":6,"skipped":0,"pct":85.71}}
,"/home/shay/a/chen3900/Documents/ECE461/Leo-461-Course-Project/cli/lib/models/Metric.ts": {"lines":{"total":9,"covered":8,"skipped":0,"pct":88.88},"functions":{"total":3,"covered":2,"skipped":0,"pct":66.66},"statements":{"total":9,"covered":8,"skipped":0,"pct":88.88},"branches":{"total":0,"covered":0,"skipped":0,"pct":100}}
,"/home/shay/a/chen3900/Documents/ECE461/Leo-461-Course-Project/cli/lib/models/RM.ts": {"lines":{"total":62,"covered":58,"skipped":0,"pct":93.54},"functions":{"total":10,"covered":10,"skipped":0,"pct":100},"statements":{"total":63,"covered":59,"skipped":0,"pct":93.65},"branches":{"total":2,"covered":1,"skipped":0,"pct":50}}
,"/home/shay/a/chen3900/Documents/ECE461/Leo-461-Course-Project/cli/lib/models/RampUp.ts": {"lines":{"total":36,"covered":35,"skipped":0,"pct":97.22},"functions":{"total":6,"covered":6,"skipped":0,"pct":100},"statements":{"total":38,"covered":37,"skipped":0,"pct":97.36},"branches":{"total":4,"covered":4,"skipped":0,"pct":100}}
,"/home/shay/a/chen3900/Documents/ECE461/Leo-461-Course-Project/cli/lib/utilities/logger.ts": {"lines":{"total":27,"covered":27,"skipped":0,"pct":100},"functions":{"total":8,"covered":8,"skipped":0,"pct":100},"statements":{"total":28,"covered":27,"skipped":0,"pct":96.42},"branches":{"total":13,"covered":12,"skipped":0,"pct":92.3}}
}
